<?xml version="1.0" encoding="UTF-8"?>
<testsuite xmlns:xsi="http://www.w3.org/2001/XMLSchema-instance" xsi:noNamespaceSchemaLocation="https://maven.apache.org/surefire/maven-surefire-plugin/xsd/surefire-test-report.xsd" name="TEST-com.compliancedb.example.Example1Test.xml" time="0.076" tests="7" errors="0" skipped="0" failures="1">
  <properties>
    <property name="java.specification.version" value="14"/>
  </properties>
  <testcase name="revokeConsent_Success" classname="com.compliancedb.example.Example1Test" time="0.036"/>
  <testcase name="createConsent_ValidInput_ClientError" classname="com.compliancedb.example.Example1Test" time="0.011"/>
  <testcase name="createConsent_DNB_Success" classname="com.compliancedb.example.Example1Test" time="0.008"/>
  <testcase name="createConsent_Customer_Success" classname="com.compliancedb.example.Example1Test" time="0.018">
    <failure message="expected:&lt;true&gt; but was:&lt;false&gt;" type="java.lang.AssertionError"><![CDATA[java.lang.AssertionError: expected:<true> but was:<false>
	at com.compliancedb.example.Example1Test.createConsent_Customer_Success(ConsentServiceTest.java:131)
]]></failure>
    <system-out><![CDATA[2020-09-23 10:21:41.785  INFO mbpro - [           main] c.c.e.Example1         : Creating consent
2020-09-23 10:21:41.785  INFO mbpro - [           main] c.c.e.Example1         : Connecting to consent route for consent creation.
2020-09-23 10:21:41.786  INFO mbpro - [           main] c.c.e.Example1         : Consent status :Rejected
]]></system-out>
  </testcase>
  <testcase name="getConsentDetails_ClientError" classname="com.compliancedb.example.Example1Test" time="0.004"/>
  <testcase name="revokeConsent_ClientError" classname="com.compliancedb.example.Example1Test" time="0.003"/>
  <testcase name="getConsentDetails_Success" classname="com.compliancedb.example.Example1Test" time="0.006"/>
  <testcase name="createConsent_ValidInput_Success" classname="com.compliancedb.example.Example1Test" time="0.007"/>
</testsuite>