<?xml version="1.0" encoding="utf-8"?><testsuites><testsuite errors="0" failures="0" hostname="586af6b4042f" name="pytest" skipped="0" tests="4" time="0.493" timestamp="2020-08-30T16:07:37.429413"><testcase classname="tests.test_control_junit" file="tests/test_control_junit.py" line="15" name="test_junit_parser_control_passes_WHEN_no_failures_AND_no_errors" time="0.008"></testcase><testcase classname="tests.test_control_junit" file="tests/test_control_junit.py" line="35" name="test_junit_parser_control_fails_WHEN_failures" time="0.006"></testcase><testcase classname="tests.test_control_junit" file="tests/test_control_junit.py" line="56" name="test_junit_parser_control_fails_WHEN_errors" time="0.007"></testcase><testcase classname="tests.test_control_junit" file="tests/test_control_junit.py" line="77" name="test_junit_parser_can_load_single_xml" time="0.005"></testcase></testsuite></testsuites>