<?xml version="1.0" encoding="UTF-8"?>
<testsuites failures="0" name="dependency-check" tests="5">
    <testsuite failures="0" id="0" name="/Users/mikelong/.m2/repository/org/webjars/npm/angular__http/2.4.10/angular__http-2.4.10.jar" package="angular__http-2.4.10.jar" skipped="0" tests="1" timestamp="2020-08-28T16:27:13.667999">
        <testcase classname="dependency-check" name="angular__http-2.4.10.jar" />
    </testsuite>
    <testsuite failures="0" id="1" name="/Users/mikelong/.m2/repository/org/webjars/npm/angular__http/2.4.10/angular__http-2.4.10.jar/META-INF/resources/webjars/angular__http/2.4.10/src/base_request_options.js" package="angular__http-2.4.10.jar: base_request_options.js" skipped="0" tests="1" timestamp="2020-08-28T16:27:13.667999">
        <testcase classname="dependency-check" name="angular__http-2.4.10.jar: base_request_options.js" />
    </testsuite>
    <testsuite failures="0" id="2" name="/Users/mikelong/.m2/repository/org/webjars/npm/angular__http/2.4.10/angular__http-2.4.10.jar/META-INF/resources/webjars/angular__http/2.4.10/src/base_response_options.js" package="angular__http-2.4.10.jar: base_response_options.js" skipped="0" tests="1" timestamp="2020-08-28T16:27:13.667999">
        <testcase classname="dependency-check" name="angular__http-2.4.10.jar: base_response_options.js" />
    </testsuite>
    <testsuite failures="0" id="3" name="/Users/mikelong/.m2/repository/org/webjars/npm/angular__http/2.4.10/angular__http-2.4.10.jar/META-INF/resources/webjars/angular__http/2.4.10/src/body.js" package="angular__http-2.4.10.jar: body.js" skipped="0" tests="1" timestamp="2020-08-28T16:27:13.667999">
        <testcase classname="dependency-check" name="angular__http-2.4.10.jar: body.js" />
    </testsuite>
    <testsuite failures="0" id="4" name="/Users/mikelong/.m2/repository/org/webjars/npm/angular__http/2.4.10/angular__http-2.4.10.jar/META-INF/resources/webjars/angular__http/2.4.10/src/backends/browser_jsonp.js" package="angular__http-2.4.10.jar: browser_jsonp.js" skipped="0" tests="1" timestamp="2020-08-28T16:27:13.667999">
        <testcase classname="dependency-check" name="angular__http-2.4.10.jar: browser_jsonp.js" />
    </testsuite>
</testsuites>